===== Process Instructions =====
Program 0: [203, 99, -11]
Program 1: [3, 2222, -20]
Program 2: [40, 202, -5]
Program 3: []
Program 4: []
=================================
time inst	proc1	proc2	proc3	proc4	proc5	proc6	proc7	proc8	proc9	proc10	proc11	proc12	proc13	proc14	proc15	proc16	proc17	proc18	proc19	proc20
1       	NEW     	        	        	        	        	        	        	        	        	        	        	        	        	        	        	        	        	        	        	        
2       	RUN     	        	        	        	        	        	        	        	        	        	        	        	        	        	        	        	        	        	        	        
Executing PID 1: PC=0, Inst=203, Quantum=3
Inst: 203
PID: 1, PC: 0, inst: 203, EXEC: 3
Process 1: Running with Q=3
3       	RUN     	NEW     	        	        	        	        	        	        	        	        	        	        	        	        	        	        	        	        	        	        
Executing PID 1: PC=1, Inst=99, Quantum=2
Inst: 99
PID: 1, PC: 1, inst: 99, MISC
Process 1: Running with Q=2
4       	RUN     	NEW     	        	        	        	        	        	        	        	        	        	        	        	        	        	        	        	        	        	        
Executing PID 1: PC=2, Inst=-11, Quantum=1
Inst: -11
PID: 1, PC: 2, inst: -11, BLOCK: 16
5       	BLOCKED 	RUN     	        	        	        	        	        	        	        	        	        	        	        	        	        	        	        	        	        	        
Executing PID 2: PC=0, Inst=-76845056, Quantum=3
Inst: -76845056
Error: Invalid process or PC. PID: 2, PC: 0, inst: -76845056
6       	BLOCKED 	EXIT    	        	        	        	        	        	        	        	        	        	        	        	        	        	        	        	        	        	        
7       	BLOCKED 	        	        	        	        	        	        	        	        	        	        	        	        	        	        	        	        	        	        	        
8       	BLOCKED 	        	        	        	        	        	        	        	        	        	        	        	        	        	        	        	        	        	        	        
9       	BLOCKED 	        	        	        	        	        	        	        	        	        	        	        	        	        	        	        	        	        	        	        
10      	BLOCKED 	        	        	        	        	        	        	        	        	        	        	        	        	        	        	        	        	        	        	        
11      	BLOCKED 	        	        	        	        	        	        	        	        	        	        	        	        	        	        	        	        	        	        	        
12      	BLOCKED 	        	        	        	        	        	        	        	        	        	        	        	        	        	        	        	        	        	        	        
13      	BLOCKED 	        	        	        	        	        	        	        	        	        	        	        	        	        	        	        	        	        	        	        
14      	BLOCKED 	        	        	        	        	        	        	        	        	        	        	        	        	        	        	        	        	        	        	        
15      	BLOCKED 	        	        	        	        	        	        	        	        	        	        	        	        	        	        	        	        	        	        	        
16      	RUN     	        	        	        	        	        	        	        	        	        	        	        	        	        	        	        	        	        	        	        
Executing PID 1: PC=3, Inst=616, Quantum=3
Inst: 616
Error: Invalid process or PC. PID: 1, PC: 3, inst: 616
17      	EXIT    	        	        	        	        	        	        	        	        	        	        	        	        	        	        	        	        	        	        	        
18      	        	        	        	        	        	        	        	        	        	        	        	        	        	        	        	        	        	        	        	        
19      	        	        	        	        	        	        	        	        	        	        	        	        	        	        	        	        	        	        	        	        
20      	        	        	        	        	        	        	        	        	        	        	        	        	        	        	        	        	        	        	        	        
21      	        	        	        	        	        	        	        	        	        	        	        	        	        	        	        	        	        	        	        	        
22      	        	        	        	        	        	        	        	        	        	        	        	        	        	        	        	        	        	        	        	        
23      	        	        	        	        	        	        	        	        	        	        	        	        	        	        	        	        	        	        	        	        
24      	        	        	        	        	        	        	        	        	        	        	        	        	        	        	        	        	        	        	        	        
25      	        	        	        	        	        	        	        	        	        	        	        	        	        	        	        	        	        	        	        	        
26      	        	        	        	        	        	        	        	        	        	        	        	        	        	        	        	        	        	        	        	        
27      	        	        	        	        	        	        	        	        	        	        	        	        	        	        	        	        	        	        	        	        
28      	        	        	        	        	        	        	        	        	        	        	        	        	        	        	        	        	        	        	        	        
29      	        	        	        	        	        	        	        	        	        	        	        	        	        	        	        	        	        	        	        	        
30      	        	        	        	        	        	        	        	        	        	        	        	        	        	        	        	        	        	        	        	        
31      	        	        	        	        	        	        	        	        	        	        	        	        	        	        	        	        	        	        	        	        
32      	        	        	        	        	        	        	        	        	        	        	        	        	        	        	        	        	        	        	        	        
33      	        	        	        	        	        	        	        	        	        	        	        	        	        	        	        	        	        	        	        	        
34      	        	        	        	        	        	        	        	        	        	        	        	        	        	        	        	        	        	        	        	        
35      	        	        	        	        	        	        	        	        	        	        	        	        	        	        	        	        	        	        	        	        
36      	        	        	        	        	        	        	        	        	        	        	        	        	        	        	        	        	        	        	        	        
37      	        	        	        	        	        	        	        	        	        	        	        	        	        	        	        	        	        	        	        	        
38      	        	        	        	        	        	        	        	        	        	        	        	        	        	        	        	        	        	        	        	        
39      	        	        	        	        	        	        	        	        	        	        	        	        	        	        	        	        	        	        	        	        
40      	        	        	        	        	        	        	        	        	        	        	        	        	        	        	        	        	        	        	        	        
41      	        	        	        	        	        	        	        	        	        	        	        	        	        	        	        	        	        	        	        	        
42      	        	        	        	        	        	        	        	        	        	        	        	        	        	        	        	        	        	        	        	        
43      	        	        	        	        	        	        	        	        	        	        	        	        	        	        	        	        	        	        	        	        
44      	        	        	        	        	        	        	        	        	        	        	        	        	        	        	        	        	        	        	        	        
45      	        	        	        	        	        	        	        	        	        	        	        	        	        	        	        	        	        	        	        	        
46      	        	        	        	        	        	        	        	        	        	        	        	        	        	        	        	        	        	        	        	        
47      	        	        	        	        	        	        	        	        	        	        	        	        	        	        	        	        	        	        	        	        
48      	        	        	        	        	        	        	        	        	        	        	        	        	        	        	        	        	        	        	        	        
49      	        	        	        	        	        	        	        	        	        	        	        	        	        	        	        	        	        	        	        	        
50      	        	        	        	        	        	        	        	        	        	        	        	        	        	        	        	        	        	        	        	        
51      	        	        	        	        	        	        	        	        	        	        	        	        	        	        	        	        	        	        	        	        
52      	        	        	        	        	        	        	        	        	        	        	        	        	        	        	        	        	        	        	        	        
53      	        	        	        	        	        	        	        	        	        	        	        	        	        	        	        	        	        	        	        	        
54      	        	        	        	        	        	        	        	        	        	        	        	        	        	        	        	        	        	        	        	        
55      	        	        	        	        	        	        	        	        	        	        	        	        	        	        	        	        	        	        	        	        
56      	        	        	        	        	        	        	        	        	        	        	        	        	        	        	        	        	        	        	        	        
57      	        	        	        	        	        	        	        	        	        	        	        	        	        	        	        	        	        	        	        	        
58      	        	        	        	        	        	        	        	        	        	        	        	        	        	        	        	        	        	        	        	        
59      	        	        	        	        	        	        	        	        	        	        	        	        	        	        	        	        	        	        	        	        
60      	        	        	        	        	        	        	        	        	        	        	        	        	        	        	        	        	        	        	        	        
61      	        	        	        	        	        	        	        	        	        	        	        	        	        	        	        	        	        	        	        	        
62      	        	        	        	        	        	        	        	        	        	        	        	        	        	        	        	        	        	        	        	        
63      	        	        	        	        	        	        	        	        	        	        	        	        	        	        	        	        	        	        	        	        
64      	        	        	        	        	        	        	        	        	        	        	        	        	        	        	        	        	        	        	        	        
65      	        	        	        	        	        	        	        	        	        	        	        	        	        	        	        	        	        	        	        	        
66      	        	        	        	        	        	        	        	        	        	        	        	        	        	        	        	        	        	        	        	        
67      	        	        	        	        	        	        	        	        	        	        	        	        	        	        	        	        	        	        	        	        
68      	        	        	        	        	        	        	        	        	        	        	        	        	        	        	        	        	        	        	        	        
69      	        	        	        	        	        	        	        	        	        	        	        	        	        	        	        	        	        	        	        	        
70      	        	        	        	        	        	        	        	        	        	        	        	        	        	        	        	        	        	        	        	        
71      	        	        	        	        	        	        	        	        	        	        	        	        	        	        	        	        	        	        	        	        
72      	        	        	        	        	        	        	        	        	        	        	        	        	        	        	        	        	        	        	        	        
73      	        	        	        	        	        	        	        	        	        	        	        	        	        	        	        	        	        	        	        	        
74      	        	        	        	        	        	        	        	        	        	        	        	        	        	        	        	        	        	        	        	        
75      	        	        	        	        	        	        	        	        	        	        	        	        	        	        	        	        	        	        	        	        
76      	        	        	        	        	        	        	        	        	        	        	        	        	        	        	        	        	        	        	        	        
77      	        	        	        	        	        	        	        	        	        	        	        	        	        	        	        	        	        	        	        	        
78      	        	        	        	        	        	        	        	        	        	        	        	        	        	        	        	        	        	        	        	        
79      	        	        	        	        	        	        	        	        	        	        	        	        	        	        	        	        	        	        	        	        
80      	        	        	        	        	        	        	        	        	        	        	        	        	        	        	        	        	        	        	        	        
81      	        	        	        	        	        	        	        	        	        	        	        	        	        	        	        	        	        	        	        	        
82      	        	        	        	        	        	        	        	        	        	        	        	        	        	        	        	        	        	        	        	        
83      	        	        	        	        	        	        	        	        	        	        	        	        	        	        	        	        	        	        	        	        
84      	        	        	        	        	        	        	        	        	        	        	        	        	        	        	        	        	        	        	        	        
85      	        	        	        	        	        	        	        	        	        	        	        	        	        	        	        	        	        	        	        	        
86      	        	        	        	        	        	        	        	        	        	        	        	        	        	        	        	        	        	        	        	        
87      	        	        	        	        	        	        	        	        	        	        	        	        	        	        	        	        	        	        	        	        
88      	        	        	        	        	        	        	        	        	        	        	        	        	        	        	        	        	        	        	        	        
89      	        	        	        	        	        	        	        	        	        	        	        	        	        	        	        	        	        	        	        	        
90      	        	        	        	        	        	        	        	        	        	        	        	        	        	        	        	        	        	        	        	        
91      	        	        	        	        	        	        	        	        	        	        	        	        	        	        	        	        	        	        	        	        
92      	        	        	        	        	        	        	        	        	        	        	        	        	        	        	        	        	        	        	        	        
93      	        	        	        	        	        	        	        	        	        	        	        	        	        	        	        	        	        	        	        	        
94      	        	        	        	        	        	        	        	        	        	        	        	        	        	        	        	        	        	        	        	        
95      	        	        	        	        	        	        	        	        	        	        	        	        	        	        	        	        	        	        	        	        
96      	        	        	        	        	        	        	        	        	        	        	        	        	        	        	        	        	        	        	        	        
97      	        	        	        	        	        	        	        	        	        	        	        	        	        	        	        	        	        	        	        	        
98      	        	        	        	        	        	        	        	        	        	        	        	        	        	        	        	        	        	        	        	        
99      	        	        	        	        	        	        	        	        	        	        	        	        	        	        	        	        	        	        	        	        
100     	        	        	        	        	        	        	        	        	        	        	        	        	        	        	        	        	        	        	        	        
