time inst	proc1		proc2		proc3		proc4		proc5		proc6		proc7		proc8		proc9		proc10		proc11		proc12		proc13		proc14		proc15		proc16		proc17		proc18		proc19		proc20
1       	NEW     	        	        	        	        	        	        	        	        	        	        	        	        	        	        	        	        	        	        	        
2       	NEW     	        	        	        	        	        	        	        	        	        	        	        	        	        	        	        	        	        	        	        
3       	RUN     	        	        	        	        	        	        	        	        	        	        	        	        	        	        	        	        	        	        	        
4       	RUN     	        	        	        	        	        	        	        	        	        	        	        	        	        	        	        	        	        	        	        
5       	RUN     	NEW     	        	        	        	        	        	        	        	        	        	        	        	        	        	        	        	        	        	        
6       	RUN     	NEW     	NEW     	        	        	        	        	        	        	        	        	        	        	        	        	        	        	        	        	        
7       	RUN     	NEW     	NEW     	        	        	        	        	        	        	        	        	        	        	        	        	        	        	        	        	        
8       	RUN     	READY   	NEW     	        	        	        	        	        	        	        	        	        	        	        	        	        	        	        	        	        
9       	READY   	RUN     	READY   	        	        	        	        	        	        	        	        	        	        	        	        	        	        	        	        	        
10      	READY   	BLOCKED 	READY   	        	        	        	        	        	        	        	        	        	        	        	        	        	        	        	        	        
11      	READY   	BLOCKED 	READY   	        	        	        	        	        	        	        	        	        	        	        	        	        	        	        	        	        
12      	READY   	BLOCKED 	READY   	        	        	        	        	        	        	        	        	        	        	        	        	        	        	        	        	        
13      	READY   	BLOCKED 	READY   	        	        	        	        	        	        	        	        	        	        	        	        	        	        	        	        	        
14      	READY   	BLOCKED 	READY   	        	        	        	        	        	        	        	        	        	        	        	        	        	        	        	        	        
15      	READY   	BLOCKED 	READY   	        	        	        	        	        	        	        	        	        	        	        	        	        	        	        	        	        
16      	READY   	BLOCKED 	READY   	        	        	        	        	        	        	        	        	        	        	        	        	        	        	        	        	        
17      	READY   	BLOCKED 	READY   	        	        	        	        	        	        	        	        	        	        	        	        	        	        	        	        	        
18      	READY   	BLOCKED 	READY   	        	        	        	        	        	        	        	        	        	        	        	        	        	        	        	        	        
19      	READY   	BLOCKED 	READY   	        	        	        	        	        	        	        	        	        	        	        	        	        	        	        	        	        
20      	READY   	BLOCKED 	READY   	        	        	        	        	        	        	        	        	        	        	        	        	        	        	        	        	        
21      	READY   	BLOCKED 	READY   	        	        	        	        	        	        	        	        	        	        	        	        	        	        	        	        	        
22      	READY   	BLOCKED 	READY   	        	        	        	        	        	        	        	        	        	        	        	        	        	        	        	        	        
23      	READY   	BLOCKED 	READY   	        	        	        	        	        	        	        	        	        	        	        	        	        	        	        	        	        
24      	READY   	BLOCKED 	READY   	        	        	        	        	        	        	        	        	        	        	        	        	        	        	        	        	        
25      	READY   	BLOCKED 	READY   	        	        	        	        	        	        	        	        	        	        	        	        	        	        	        	        	        
26      	READY   	BLOCKED 	READY   	        	        	        	        	        	        	        	        	        	        	        	        	        	        	        	        	        
27      	READY   	BLOCKED 	READY   	        	        	        	        	        	        	        	        	        	        	        	        	        	        	        	        	        
28      	READY   	BLOCKED 	READY   	        	        	        	        	        	        	        	        	        	        	        	        	        	        	        	        	        
29      	READY   	BLOCKED 	READY   	        	        	        	        	        	        	        	        	        	        	        	        	        	        	        	        	        
30      	READY   	BLOCKED 	READY   	        	        	        	        	        	        	        	        	        	        	        	        	        	        	        	        	        
31      	READY   	BLOCKED 	READY   	        	        	        	        	        	        	        	        	        	        	        	        	        	        	        	        	        
32      	READY   	BLOCKED 	READY   	        	        	        	        	        	        	        	        	        	        	        	        	        	        	        	        	        
33      	READY   	BLOCKED 	READY   	        	        	        	        	        	        	        	        	        	        	        	        	        	        	        	        	        
34      	READY   	BLOCKED 	READY   	        	        	        	        	        	        	        	        	        	        	        	        	        	        	        	        	        
35      	READY   	BLOCKED 	READY   	        	        	        	        	        	        	        	        	        	        	        	        	        	        	        	        	        
36      	READY   	BLOCKED 	READY   	        	        	        	        	        	        	        	        	        	        	        	        	        	        	        	        	        
37      	READY   	BLOCKED 	READY   	        	        	        	        	        	        	        	        	        	        	        	        	        	        	        	        	        
38      	READY   	BLOCKED 	READY   	        	        	        	        	        	        	        	        	        	        	        	        	        	        	        	        	        
39      	READY   	BLOCKED 	READY   	        	        	        	        	        	        	        	        	        	        	        	        	        	        	        	        	        
40      	READY   	BLOCKED 	READY   	        	        	        	        	        	        	        	        	        	        	        	        	        	        	        	        	        
41      	READY   	BLOCKED 	READY   	        	        	        	        	        	        	        	        	        	        	        	        	        	        	        	        	        
42      	READY   	BLOCKED 	READY   	        	        	        	        	        	        	        	        	        	        	        	        	        	        	        	        	        
43      	READY   	BLOCKED 	READY   	        	        	        	        	        	        	        	        	        	        	        	        	        	        	        	        	        
44      	READY   	BLOCKED 	READY   	        	        	        	        	        	        	        	        	        	        	        	        	        	        	        	        	        
45      	READY   	BLOCKED 	READY   	        	        	        	        	        	        	        	        	        	        	        	        	        	        	        	        	        
46      	READY   	BLOCKED 	READY   	        	        	        	        	        	        	        	        	        	        	        	        	        	        	        	        	        
47      	READY   	BLOCKED 	READY   	        	        	        	        	        	        	        	        	        	        	        	        	        	        	        	        	        
48      	READY   	BLOCKED 	READY   	        	        	        	        	        	        	        	        	        	        	        	        	        	        	        	        	        
49      	READY   	BLOCKED 	READY   	        	        	        	        	        	        	        	        	        	        	        	        	        	        	        	        	        
50      	READY   	BLOCKED 	READY   	        	        	        	        	        	        	        	        	        	        	        	        	        	        	        	        	        
51      	READY   	BLOCKED 	READY   	        	        	        	        	        	        	        	        	        	        	        	        	        	        	        	        	        
52      	READY   	BLOCKED 	READY   	        	        	        	        	        	        	        	        	        	        	        	        	        	        	        	        	        
53      	READY   	BLOCKED 	READY   	        	        	        	        	        	        	        	        	        	        	        	        	        	        	        	        	        
54      	READY   	BLOCKED 	READY   	        	        	        	        	        	        	        	        	        	        	        	        	        	        	        	        	        
55      	READY   	BLOCKED 	READY   	        	        	        	        	        	        	        	        	        	        	        	        	        	        	        	        	        
56      	READY   	BLOCKED 	READY   	        	        	        	        	        	        	        	        	        	        	        	        	        	        	        	        	        
57      	READY   	BLOCKED 	READY   	        	        	        	        	        	        	        	        	        	        	        	        	        	        	        	        	        
58      	READY   	BLOCKED 	READY   	        	        	        	        	        	        	        	        	        	        	        	        	        	        	        	        	        
59      	READY   	BLOCKED 	READY   	        	        	        	        	        	        	        	        	        	        	        	        	        	        	        	        	        
60      	READY   	BLOCKED 	READY   	        	        	        	        	        	        	        	        	        	        	        	        	        	        	        	        	        
61      	READY   	BLOCKED 	READY   	        	        	        	        	        	        	        	        	        	        	        	        	        	        	        	        	        
62      	READY   	BLOCKED 	READY   	        	        	        	        	        	        	        	        	        	        	        	        	        	        	        	        	        
63      	READY   	BLOCKED 	READY   	        	        	        	        	        	        	        	        	        	        	        	        	        	        	        	        	        
64      	READY   	BLOCKED 	READY   	        	        	        	        	        	        	        	        	        	        	        	        	        	        	        	        	        
65      	READY   	BLOCKED 	READY   	        	        	        	        	        	        	        	        	        	        	        	        	        	        	        	        	        
66      	READY   	BLOCKED 	READY   	        	        	        	        	        	        	        	        	        	        	        	        	        	        	        	        	        
67      	READY   	BLOCKED 	READY   	        	        	        	        	        	        	        	        	        	        	        	        	        	        	        	        	        
68      	READY   	BLOCKED 	READY   	        	        	        	        	        	        	        	        	        	        	        	        	        	        	        	        	        
69      	READY   	BLOCKED 	READY   	        	        	        	        	        	        	        	        	        	        	        	        	        	        	        	        	        
70      	READY   	BLOCKED 	READY   	        	        	        	        	        	        	        	        	        	        	        	        	        	        	        	        	        
71      	READY   	BLOCKED 	READY   	        	        	        	        	        	        	        	        	        	        	        	        	        	        	        	        	        
72      	READY   	BLOCKED 	READY   	        	        	        	        	        	        	        	        	        	        	        	        	        	        	        	        	        
73      	READY   	BLOCKED 	READY   	        	        	        	        	        	        	        	        	        	        	        	        	        	        	        	        	        
74      	READY   	BLOCKED 	READY   	        	        	        	        	        	        	        	        	        	        	        	        	        	        	        	        	        
75      	READY   	BLOCKED 	READY   	        	        	        	        	        	        	        	        	        	        	        	        	        	        	        	        	        
76      	READY   	BLOCKED 	READY   	        	        	        	        	        	        	        	        	        	        	        	        	        	        	        	        	        
77      	READY   	BLOCKED 	READY   	        	        	        	        	        	        	        	        	        	        	        	        	        	        	        	        	        
78      	READY   	BLOCKED 	READY   	        	        	        	        	        	        	        	        	        	        	        	        	        	        	        	        	        
79      	READY   	BLOCKED 	READY   	        	        	        	        	        	        	        	        	        	        	        	        	        	        	        	        	        
80      	READY   	BLOCKED 	READY   	        	        	        	        	        	        	        	        	        	        	        	        	        	        	        	        	        
81      	READY   	BLOCKED 	READY   	        	        	        	        	        	        	        	        	        	        	        	        	        	        	        	        	        
82      	READY   	BLOCKED 	READY   	        	        	        	        	        	        	        	        	        	        	        	        	        	        	        	        	        
83      	READY   	BLOCKED 	READY   	        	        	        	        	        	        	        	        	        	        	        	        	        	        	        	        	        
84      	READY   	BLOCKED 	READY   	        	        	        	        	        	        	        	        	        	        	        	        	        	        	        	        	        
85      	READY   	BLOCKED 	READY   	        	        	        	        	        	        	        	        	        	        	        	        	        	        	        	        	        
86      	READY   	BLOCKED 	READY   	        	        	        	        	        	        	        	        	        	        	        	        	        	        	        	        	        
87      	READY   	BLOCKED 	READY   	        	        	        	        	        	        	        	        	        	        	        	        	        	        	        	        	        
88      	READY   	BLOCKED 	READY   	        	        	        	        	        	        	        	        	        	        	        	        	        	        	        	        	        
89      	READY   	BLOCKED 	READY   	        	        	        	        	        	        	        	        	        	        	        	        	        	        	        	        	        
90      	READY   	BLOCKED 	READY   	        	        	        	        	        	        	        	        	        	        	        	        	        	        	        	        	        
91      	READY   	BLOCKED 	READY   	        	        	        	        	        	        	        	        	        	        	        	        	        	        	        	        	        
92      	READY   	BLOCKED 	READY   	        	        	        	        	        	        	        	        	        	        	        	        	        	        	        	        	        
93      	READY   	BLOCKED 	READY   	        	        	        	        	        	        	        	        	        	        	        	        	        	        	        	        	        
94      	READY   	BLOCKED 	READY   	        	        	        	        	        	        	        	        	        	        	        	        	        	        	        	        	        
95      	READY   	BLOCKED 	READY   	        	        	        	        	        	        	        	        	        	        	        	        	        	        	        	        	        
96      	READY   	BLOCKED 	READY   	        	        	        	        	        	        	        	        	        	        	        	        	        	        	        	        	        
97      	READY   	BLOCKED 	READY   	        	        	        	        	        	        	        	        	        	        	        	        	        	        	        	        	        
98      	READY   	BLOCKED 	READY   	        	        	        	        	        	        	        	        	        	        	        	        	        	        	        	        	        
99      	READY   	BLOCKED 	READY   	        	        	        	        	        	        	        	        	        	        	        	        	        	        	        	        	        
100     	READY   	BLOCKED 	READY   	        	        	        	        	        	        	        	        	        	        	        	        	        	        	        	        	        
