===== Process Instructions =====
Program 0: [203, 1, -2, 1]
Program 1: [4, -3, 102]
Program 2: [2, 202, 5, 10]
Program 3: []
Program 4: []
=================================
time inst	proc1	proc2	proc3	proc4	proc5	proc6	proc7	proc8	proc9	proc10	proc11	proc12	proc13	proc14	proc15	proc16	proc17	proc18	proc19	proc20
PID: 1, STATE: NEW, TIS: 0
1       	NEW     	        	        	        	        	        	        	        	        	        	        	        	        	        	        	        	        	        	        	        
PID: 1, STATE: NEW, TIS: 1
2       	RUN     	        	        	        	        	        	        	        	        	        	        	        	        	        	        	        	        	        	        	        
Executing PID 1: PC=0, Inst=203, Quantum=3
PID: 1, PC: 0, inst: 203, EXEC: 3
Process 1: Running with Q=3
3       	RUN     	NEW     	        	        	        	        	        	        	        	        	        	        	        	        	        	        	        	        	        	        
PID: 2, STATE: NEW, TIS: 0
Executing PID 1: PC=1, Inst=1, Quantum=2
PID: 1, PC: 1, inst: 1, MISC
Process 1: Running with Q=2
4       	RUN     	NEW     	        	        	        	        	        	        	        	        	        	        	        	        	        	        	        	        	        	        
PID: 2, STATE: NEW, TIS: 1
Executing PID 1: PC=2, Inst=-2, Quantum=1
PID: 1, PC: 2, inst: -2, BLOCK: 7
5       	BLOCKED 	RUN     	        	        	        	        	        	        	        	        	        	        	        	        	        	        	        	        	        	        
Executing PID 2: PC=0, Inst=2, Quantum=3
PID: 2, PC: 0, inst: 2, MISC
Process 2: Running with Q=3
6       	BLOCKED 	RUN     	        	        	        	        	        	        	        	        	        	        	        	        	        	        	        	        	        	        
Executing PID 2: PC=1, Inst=202, Quantum=2
PID: 2, PC: 1, inst: 202, EXEC: 2
Process 2: Running with Q=2
7       	READY   	RUN     	NEW     	        	        	        	        	        	        	        	        	        	        	        	        	        	        	        	        	        
PID: 3, STATE: NEW, TIS: 0
Executing PID 2: PC=2, Inst=5, Quantum=1
PID: 2, PC: 2, inst: 5, MISC
Process 2: Running with Q=1
8       	RUN     	EXIT    	NEW     	        	        	        	        	        	        	        	        	        	        	        	        	        	        	        	        	        
PID: 3, STATE: NEW, TIS: 1
Executing PID 1: PC=3, Inst=1, Quantum=3
PID: 1, PC: 3, inst: 1, MISC
Process 1: Running with Q=3
9       	RUN     	        	READY   	        	        	        	        	        	        	        	        	        	        	        	        	        	        	        	        	        
Executing PID 1: PC=4, Inst=977484654, Quantum=2
Error: Invalid process or PC. PID: 1, PC: 4, inst: 977484654
10      	EXIT    	        	RUN     	        	        	        	        	        	        	        	        	        	        	        	        	        	        	        	        	        
Executing PID 3: PC=0, Inst=4, Quantum=3
PID: 3, PC: 0, inst: 4, MISC
Process 3: Running with Q=3
11      	        	        	RUN     	        	        	        	        	        	        	        	        	        	        	        	        	        	        	        	        	        
Executing PID 3: PC=1, Inst=-3, Quantum=2
PID: 3, PC: 1, inst: -3, BLOCK: 15
12      	        	        	BLOCKED 	        	        	        	        	        	        	        	        	        	        	        	        	        	        	        	        	        
13      	        	        	BLOCKED 	        	        	        	        	        	        	        	        	        	        	        	        	        	        	        	        	        
14      	        	        	BLOCKED 	        	        	        	        	        	        	        	        	        	        	        	        	        	        	        	        	        
15      	        	        	RUN     	        	        	        	        	        	        	        	        	        	        	        	        	        	        	        	        	        
Executing PID 3: PC=2, Inst=102, Quantum=3
PID: 3, PC: 2, inst: 102, JUMP: 2
Process 3: Running with Q=3
16      	        	        	RUN     	        	        	        	        	        	        	        	        	        	        	        	        	        	        	        	        	        
Executing PID 3: PC=0, Inst=4, Quantum=2
PID: 3, PC: 0, inst: 4, MISC
Process 3: Running with Q=2
17      	        	        	RUN     	        	        	        	        	        	        	        	        	        	        	        	        	        	        	        	        	        
Executing PID 3: PC=1, Inst=-3, Quantum=1
PID: 3, PC: 1, inst: -3, BLOCK: 21
18      	        	        	BLOCKED 	        	        	        	        	        	        	        	        	        	        	        	        	        	        	        	        	        
19      	        	        	BLOCKED 	        	        	        	        	        	        	        	        	        	        	        	        	        	        	        	        	        
20      	        	        	BLOCKED 	        	        	        	        	        	        	        	        	        	        	        	        	        	        	        	        	        
21      	        	        	RUN     	        	        	        	        	        	        	        	        	        	        	        	        	        	        	        	        	        
Executing PID 3: PC=2, Inst=102, Quantum=3
PID: 3, PC: 2, inst: 102, JUMP: 2
Process 3: Running with Q=3
22      	        	        	RUN     	        	        	        	        	        	        	        	        	        	        	        	        	        	        	        	        	        
Executing PID 3: PC=0, Inst=4, Quantum=2
PID: 3, PC: 0, inst: 4, MISC
Process 3: Running with Q=2
23      	        	        	RUN     	        	        	        	        	        	        	        	        	        	        	        	        	        	        	        	        	        
Executing PID 3: PC=1, Inst=-3, Quantum=1
PID: 3, PC: 1, inst: -3, BLOCK: 27
24      	        	        	BLOCKED 	        	        	        	        	        	        	        	        	        	        	        	        	        	        	        	        	        
25      	        	        	BLOCKED 	        	        	        	        	        	        	        	        	        	        	        	        	        	        	        	        	        
26      	        	        	BLOCKED 	        	        	        	        	        	        	        	        	        	        	        	        	        	        	        	        	        
27      	        	        	RUN     	        	        	        	        	        	        	        	        	        	        	        	        	        	        	        	        	        
Executing PID 3: PC=2, Inst=102, Quantum=3
PID: 3, PC: 2, inst: 102, JUMP: 2
Process 3: Running with Q=3
28      	        	        	RUN     	        	        	        	        	        	        	        	        	        	        	        	        	        	        	        	        	        
Executing PID 3: PC=0, Inst=4, Quantum=2
PID: 3, PC: 0, inst: 4, MISC
Process 3: Running with Q=2
29      	        	        	RUN     	        	        	        	        	        	        	        	        	        	        	        	        	        	        	        	        	        
Executing PID 3: PC=1, Inst=-3, Quantum=1
PID: 3, PC: 1, inst: -3, BLOCK: 33
30      	        	        	BLOCKED 	        	        	        	        	        	        	        	        	        	        	        	        	        	        	        	        	        
31      	        	        	BLOCKED 	        	        	        	        	        	        	        	        	        	        	        	        	        	        	        	        	        
32      	        	        	BLOCKED 	        	        	        	        	        	        	        	        	        	        	        	        	        	        	        	        	        
33      	        	        	RUN     	        	        	        	        	        	        	        	        	        	        	        	        	        	        	        	        	        
Executing PID 3: PC=2, Inst=102, Quantum=3
PID: 3, PC: 2, inst: 102, JUMP: 2
Process 3: Running with Q=3
34      	        	        	RUN     	        	        	        	        	        	        	        	        	        	        	        	        	        	        	        	        	        
Executing PID 3: PC=0, Inst=4, Quantum=2
PID: 3, PC: 0, inst: 4, MISC
Process 3: Running with Q=2
35      	        	        	RUN     	        	        	        	        	        	        	        	        	        	        	        	        	        	        	        	        	        
Executing PID 3: PC=1, Inst=-3, Quantum=1
PID: 3, PC: 1, inst: -3, BLOCK: 39
36      	        	        	BLOCKED 	        	        	        	        	        	        	        	        	        	        	        	        	        	        	        	        	        
37      	        	        	BLOCKED 	        	        	        	        	        	        	        	        	        	        	        	        	        	        	        	        	        
38      	        	        	BLOCKED 	        	        	        	        	        	        	        	        	        	        	        	        	        	        	        	        	        
39      	        	        	RUN     	        	        	        	        	        	        	        	        	        	        	        	        	        	        	        	        	        
Executing PID 3: PC=2, Inst=102, Quantum=3
PID: 3, PC: 2, inst: 102, JUMP: 2
Process 3: Running with Q=3
40      	        	        	RUN     	        	        	        	        	        	        	        	        	        	        	        	        	        	        	        	        	        
Executing PID 3: PC=0, Inst=4, Quantum=2
PID: 3, PC: 0, inst: 4, MISC
Process 3: Running with Q=2
41      	        	        	RUN     	        	        	        	        	        	        	        	        	        	        	        	        	        	        	        	        	        
Executing PID 3: PC=1, Inst=-3, Quantum=1
PID: 3, PC: 1, inst: -3, BLOCK: 45
42      	        	        	BLOCKED 	        	        	        	        	        	        	        	        	        	        	        	        	        	        	        	        	        
43      	        	        	BLOCKED 	        	        	        	        	        	        	        	        	        	        	        	        	        	        	        	        	        
44      	        	        	BLOCKED 	        	        	        	        	        	        	        	        	        	        	        	        	        	        	        	        	        
45      	        	        	RUN     	        	        	        	        	        	        	        	        	        	        	        	        	        	        	        	        	        
Executing PID 3: PC=2, Inst=102, Quantum=3
PID: 3, PC: 2, inst: 102, JUMP: 2
Process 3: Running with Q=3
46      	        	        	RUN     	        	        	        	        	        	        	        	        	        	        	        	        	        	        	        	        	        
Executing PID 3: PC=0, Inst=4, Quantum=2
PID: 3, PC: 0, inst: 4, MISC
Process 3: Running with Q=2
47      	        	        	RUN     	        	        	        	        	        	        	        	        	        	        	        	        	        	        	        	        	        
Executing PID 3: PC=1, Inst=-3, Quantum=1
PID: 3, PC: 1, inst: -3, BLOCK: 51
48      	        	        	BLOCKED 	        	        	        	        	        	        	        	        	        	        	        	        	        	        	        	        	        
49      	        	        	BLOCKED 	        	        	        	        	        	        	        	        	        	        	        	        	        	        	        	        	        
50      	        	        	BLOCKED 	        	        	        	        	        	        	        	        	        	        	        	        	        	        	        	        	        
51      	        	        	RUN     	        	        	        	        	        	        	        	        	        	        	        	        	        	        	        	        	        
Executing PID 3: PC=2, Inst=102, Quantum=3
PID: 3, PC: 2, inst: 102, JUMP: 2
Process 3: Running with Q=3
52      	        	        	RUN     	        	        	        	        	        	        	        	        	        	        	        	        	        	        	        	        	        
Executing PID 3: PC=0, Inst=4, Quantum=2
PID: 3, PC: 0, inst: 4, MISC
Process 3: Running with Q=2
53      	        	        	RUN     	        	        	        	        	        	        	        	        	        	        	        	        	        	        	        	        	        
Executing PID 3: PC=1, Inst=-3, Quantum=1
PID: 3, PC: 1, inst: -3, BLOCK: 57
54      	        	        	BLOCKED 	        	        	        	        	        	        	        	        	        	        	        	        	        	        	        	        	        
55      	        	        	BLOCKED 	        	        	        	        	        	        	        	        	        	        	        	        	        	        	        	        	        
56      	        	        	BLOCKED 	        	        	        	        	        	        	        	        	        	        	        	        	        	        	        	        	        
57      	        	        	RUN     	        	        	        	        	        	        	        	        	        	        	        	        	        	        	        	        	        
Executing PID 3: PC=2, Inst=102, Quantum=3
PID: 3, PC: 2, inst: 102, JUMP: 2
Process 3: Running with Q=3
58      	        	        	RUN     	        	        	        	        	        	        	        	        	        	        	        	        	        	        	        	        	        
Executing PID 3: PC=0, Inst=4, Quantum=2
PID: 3, PC: 0, inst: 4, MISC
Process 3: Running with Q=2
59      	        	        	RUN     	        	        	        	        	        	        	        	        	        	        	        	        	        	        	        	        	        
Executing PID 3: PC=1, Inst=-3, Quantum=1
PID: 3, PC: 1, inst: -3, BLOCK: 63
60      	        	        	BLOCKED 	        	        	        	        	        	        	        	        	        	        	        	        	        	        	        	        	        
61      	        	        	BLOCKED 	        	        	        	        	        	        	        	        	        	        	        	        	        	        	        	        	        
62      	        	        	BLOCKED 	        	        	        	        	        	        	        	        	        	        	        	        	        	        	        	        	        
63      	        	        	RUN     	        	        	        	        	        	        	        	        	        	        	        	        	        	        	        	        	        
Executing PID 3: PC=2, Inst=102, Quantum=3
PID: 3, PC: 2, inst: 102, JUMP: 2
Process 3: Running with Q=3
64      	        	        	RUN     	        	        	        	        	        	        	        	        	        	        	        	        	        	        	        	        	        
Executing PID 3: PC=0, Inst=4, Quantum=2
PID: 3, PC: 0, inst: 4, MISC
Process 3: Running with Q=2
65      	        	        	RUN     	        	        	        	        	        	        	        	        	        	        	        	        	        	        	        	        	        
Executing PID 3: PC=1, Inst=-3, Quantum=1
PID: 3, PC: 1, inst: -3, BLOCK: 69
66      	        	        	BLOCKED 	        	        	        	        	        	        	        	        	        	        	        	        	        	        	        	        	        
67      	        	        	BLOCKED 	        	        	        	        	        	        	        	        	        	        	        	        	        	        	        	        	        
68      	        	        	BLOCKED 	        	        	        	        	        	        	        	        	        	        	        	        	        	        	        	        	        
69      	        	        	RUN     	        	        	        	        	        	        	        	        	        	        	        	        	        	        	        	        	        
Executing PID 3: PC=2, Inst=102, Quantum=3
PID: 3, PC: 2, inst: 102, JUMP: 2
Process 3: Running with Q=3
70      	        	        	RUN     	        	        	        	        	        	        	        	        	        	        	        	        	        	        	        	        	        
Executing PID 3: PC=0, Inst=4, Quantum=2
PID: 3, PC: 0, inst: 4, MISC
Process 3: Running with Q=2
71      	        	        	RUN     	        	        	        	        	        	        	        	        	        	        	        	        	        	        	        	        	        
Executing PID 3: PC=1, Inst=-3, Quantum=1
PID: 3, PC: 1, inst: -3, BLOCK: 75
72      	        	        	BLOCKED 	        	        	        	        	        	        	        	        	        	        	        	        	        	        	        	        	        
73      	        	        	BLOCKED 	        	        	        	        	        	        	        	        	        	        	        	        	        	        	        	        	        
74      	        	        	BLOCKED 	        	        	        	        	        	        	        	        	        	        	        	        	        	        	        	        	        
75      	        	        	RUN     	        	        	        	        	        	        	        	        	        	        	        	        	        	        	        	        	        
Executing PID 3: PC=2, Inst=102, Quantum=3
PID: 3, PC: 2, inst: 102, JUMP: 2
Process 3: Running with Q=3
76      	        	        	RUN     	        	        	        	        	        	        	        	        	        	        	        	        	        	        	        	        	        
Executing PID 3: PC=0, Inst=4, Quantum=2
PID: 3, PC: 0, inst: 4, MISC
Process 3: Running with Q=2
77      	        	        	RUN     	        	        	        	        	        	        	        	        	        	        	        	        	        	        	        	        	        
Executing PID 3: PC=1, Inst=-3, Quantum=1
PID: 3, PC: 1, inst: -3, BLOCK: 81
78      	        	        	BLOCKED 	        	        	        	        	        	        	        	        	        	        	        	        	        	        	        	        	        
79      	        	        	BLOCKED 	        	        	        	        	        	        	        	        	        	        	        	        	        	        	        	        	        
80      	        	        	BLOCKED 	        	        	        	        	        	        	        	        	        	        	        	        	        	        	        	        	        
81      	        	        	RUN     	        	        	        	        	        	        	        	        	        	        	        	        	        	        	        	        	        
Executing PID 3: PC=2, Inst=102, Quantum=3
PID: 3, PC: 2, inst: 102, JUMP: 2
Process 3: Running with Q=3
82      	        	        	RUN     	        	        	        	        	        	        	        	        	        	        	        	        	        	        	        	        	        
Executing PID 3: PC=0, Inst=4, Quantum=2
PID: 3, PC: 0, inst: 4, MISC
Process 3: Running with Q=2
83      	        	        	RUN     	        	        	        	        	        	        	        	        	        	        	        	        	        	        	        	        	        
Executing PID 3: PC=1, Inst=-3, Quantum=1
PID: 3, PC: 1, inst: -3, BLOCK: 87
84      	        	        	BLOCKED 	        	        	        	        	        	        	        	        	        	        	        	        	        	        	        	        	        
85      	        	        	BLOCKED 	        	        	        	        	        	        	        	        	        	        	        	        	        	        	        	        	        
86      	        	        	BLOCKED 	        	        	        	        	        	        	        	        	        	        	        	        	        	        	        	        	        
87      	        	        	RUN     	        	        	        	        	        	        	        	        	        	        	        	        	        	        	        	        	        
Executing PID 3: PC=2, Inst=102, Quantum=3
PID: 3, PC: 2, inst: 102, JUMP: 2
Process 3: Running with Q=3
88      	        	        	RUN     	        	        	        	        	        	        	        	        	        	        	        	        	        	        	        	        	        
Executing PID 3: PC=0, Inst=4, Quantum=2
PID: 3, PC: 0, inst: 4, MISC
Process 3: Running with Q=2
89      	        	        	RUN     	        	        	        	        	        	        	        	        	        	        	        	        	        	        	        	        	        
Executing PID 3: PC=1, Inst=-3, Quantum=1
PID: 3, PC: 1, inst: -3, BLOCK: 93
90      	        	        	BLOCKED 	        	        	        	        	        	        	        	        	        	        	        	        	        	        	        	        	        
91      	        	        	BLOCKED 	        	        	        	        	        	        	        	        	        	        	        	        	        	        	        	        	        
92      	        	        	BLOCKED 	        	        	        	        	        	        	        	        	        	        	        	        	        	        	        	        	        
93      	        	        	RUN     	        	        	        	        	        	        	        	        	        	        	        	        	        	        	        	        	        
Executing PID 3: PC=2, Inst=102, Quantum=3
PID: 3, PC: 2, inst: 102, JUMP: 2
Process 3: Running with Q=3
94      	        	        	RUN     	        	        	        	        	        	        	        	        	        	        	        	        	        	        	        	        	        
Executing PID 3: PC=0, Inst=4, Quantum=2
PID: 3, PC: 0, inst: 4, MISC
Process 3: Running with Q=2
95      	        	        	RUN     	        	        	        	        	        	        	        	        	        	        	        	        	        	        	        	        	        
Executing PID 3: PC=1, Inst=-3, Quantum=1
PID: 3, PC: 1, inst: -3, BLOCK: 99
96      	        	        	BLOCKED 	        	        	        	        	        	        	        	        	        	        	        	        	        	        	        	        	        
97      	        	        	BLOCKED 	        	        	        	        	        	        	        	        	        	        	        	        	        	        	        	        	        
98      	        	        	BLOCKED 	        	        	        	        	        	        	        	        	        	        	        	        	        	        	        	        	        
99      	        	        	RUN     	        	        	        	        	        	        	        	        	        	        	        	        	        	        	        	        	        
Executing PID 3: PC=2, Inst=102, Quantum=3
PID: 3, PC: 2, inst: 102, JUMP: 2
Process 3: Running with Q=3
100     	        	        	RUN     	        	        	        	        	        	        	        	        	        	        	        	        	        	        	        	        	        
