===== Process Instructions =====
Program 0: [300, 201, -2, 1]
Program 1: [202, -3, -1]
Program 2: [2, 4, 5, 10]
Program 3: []
Program 4: []
=================================
time inst	proc1	proc2	proc3	proc4	proc5	proc6	proc7	proc8	proc9	proc10	proc11	proc12	proc13	proc14	proc15	proc16	proc17	proc18	proc19	proc20
PID: 1, STATE: NEW, TIS: 0
1       	NEW     	        	        	        	        	        	        	        	        	        	        	        	        	        	        	        	        	        	        	        
PID: 1, STATE: NEW, TIS: 1
2       	RUN     	        	        	        	        	        	        	        	        	        	        	        	        	        	        	        	        	        	        	        
Executing PID 1: PC=0, Inst=300, Quantum=3
PID: 1, PC: 0, inst: 300, MISC
Process 1: Running with Q=3
3       	RUN     	        	        	        	        	        	        	        	        	        	        	        	        	        	        	        	        	        	        	        
Executing PID 1: PC=1, Inst=201, Quantum=2
PID: 1, PC: 1, inst: 201, EXEC: 1
Process 1: Running with Q=2
4       	RUN     	NEW     	        	        	        	        	        	        	        	        	        	        	        	        	        	        	        	        	        	        
PID: 2, STATE: NEW, TIS: 0
Executing PID 1: PC=2, Inst=-2, Quantum=1
PID: 1, PC: 2, inst: -2, BLOCK: 7
5       	BLOCKED 	NEW     	        	        	        	        	        	        	        	        	        	        	        	        	        	        	        	        	        	        
PID: 2, STATE: NEW, TIS: 1
6       	BLOCKED 	RUN     	        	        	        	        	        	        	        	        	        	        	        	        	        	        	        	        	        	        
Executing PID 2: PC=0, Inst=300, Quantum=3
PID: 2, PC: 0, inst: 300, MISC
Process 2: Running with Q=3
7       	READY   	RUN     	        	        	        	        	        	        	        	        	        	        	        	        	        	        	        	        	        	        
Executing PID 2: PC=1, Inst=201, Quantum=2
PID: 2, PC: 1, inst: 201, EXEC: 1
Process 2: Running with Q=2
8       	READY   	RUN     	NEW     	        	        	        	        	        	        	        	        	        	        	        	        	        	        	        	        	        
PID: 3, STATE: NEW, TIS: 0
Executing PID 2: PC=2, Inst=-2, Quantum=1
PID: 2, PC: 2, inst: -2, BLOCK: 11
9       	RUN     	BLOCKED 	NEW     	        	        	        	        	        	        	        	        	        	        	        	        	        	        	        	        	        
PID: 3, STATE: NEW, TIS: 1
Executing PID 1: PC=3, Inst=1, Quantum=3
PID: 1, PC: 3, inst: 1, MISC
Process 1: Running with Q=3
10      	RUN     	BLOCKED 	READY   	        	        	        	        	        	        	        	        	        	        	        	        	        	        	        	        	        
Executing PID 1: PC=4, Inst=977484654, Quantum=2
Error: Invalid process or PC. PID: 1, PC: 4, inst: 977484654
11      	EXIT    	READY   	RUN     	        	        	        	        	        	        	        	        	        	        	        	        	        	        	        	        	        
Executing PID 3: PC=0, Inst=300, Quantum=3
PID: 3, PC: 0, inst: 300, MISC
Process 3: Running with Q=3
12      	        	READY   	RUN     	        	        	        	        	        	        	        	        	        	        	        	        	        	        	        	        	        
Executing PID 3: PC=1, Inst=201, Quantum=2
PID: 3, PC: 1, inst: 201, EXEC: 1
Process 3: Running with Q=2
13      	        	READY   	RUN     	NEW     	        	        	        	        	        	        	        	        	        	        	        	        	        	        	        	        
PID: 4, STATE: NEW, TIS: 0
Executing PID 3: PC=2, Inst=-2, Quantum=1
PID: 3, PC: 2, inst: -2, BLOCK: 16
14      	        	RUN     	BLOCKED 	NEW     	        	        	        	        	        	        	        	        	        	        	        	        	        	        	        	        
PID: 4, STATE: NEW, TIS: 1
Executing PID 2: PC=3, Inst=1, Quantum=3
PID: 2, PC: 3, inst: 1, MISC
Process 2: Running with Q=3
15      	        	RUN     	BLOCKED 	READY   	        	        	        	        	        	        	        	        	        	        	        	        	        	        	        	        
Executing PID 2: PC=4, Inst=0, Quantum=2
PID 2, count: 4, Inst: 0, HALTing
16      	        	EXIT    	READY   	RUN     	        	        	        	        	        	        	        	        	        	        	        	        	        	        	        	        
Executing PID 4: PC=0, Inst=300, Quantum=3
PID: 4, PC: 0, inst: 300, MISC
Process 4: Running with Q=3
17      	        	        	READY   	RUN     	        	        	        	        	        	        	        	        	        	        	        	        	        	        	        	        
Executing PID 4: PC=1, Inst=201, Quantum=2
PID: 4, PC: 1, inst: 201, EXEC: 1
Process 4: Running with Q=2
18      	        	        	READY   	RUN     	NEW     	        	        	        	        	        	        	        	        	        	        	        	        	        	        	        
PID: 5, STATE: NEW, TIS: 0
Executing PID 4: PC=2, Inst=-2, Quantum=1
PID: 4, PC: 2, inst: -2, BLOCK: 21
19      	        	        	RUN     	BLOCKED 	NEW     	        	        	        	        	        	        	        	        	        	        	        	        	        	        	        
PID: 5, STATE: NEW, TIS: 1
Executing PID 3: PC=3, Inst=1, Quantum=3
PID: 3, PC: 3, inst: 1, MISC
Process 3: Running with Q=3
20      	        	        	RUN     	BLOCKED 	READY   	        	        	        	        	        	        	        	        	        	        	        	        	        	        	        
Executing PID 3: PC=4, Inst=1247569260, Quantum=2
Error: Invalid process or PC. PID: 3, PC: 4, inst: 1247569260
21      	        	        	EXIT    	READY   	RUN     	        	        	        	        	        	        	        	        	        	        	        	        	        	        	        
Executing PID 5: PC=0, Inst=300, Quantum=3
PID: 5, PC: 0, inst: 300, MISC
Process 5: Running with Q=3
22      	        	        	        	READY   	RUN     	        	        	        	        	        	        	        	        	        	        	        	        	        	        	        
Executing PID 5: PC=1, Inst=201, Quantum=2
PID: 5, PC: 1, inst: 201, EXEC: 1
Process 5: Running with Q=2
23      	        	        	        	READY   	RUN     	NEW     	        	        	        	        	        	        	        	        	        	        	        	        	        	        
PID: 6, STATE: NEW, TIS: 0
Executing PID 5: PC=2, Inst=-2, Quantum=1
PID: 5, PC: 2, inst: -2, BLOCK: 26
24      	        	        	        	RUN     	BLOCKED 	NEW     	        	        	        	        	        	        	        	        	        	        	        	        	        	        
PID: 6, STATE: NEW, TIS: 1
Executing PID 4: PC=3, Inst=1, Quantum=3
PID: 4, PC: 3, inst: 1, MISC
Process 4: Running with Q=3
25      	        	        	        	RUN     	BLOCKED 	READY   	        	        	        	        	        	        	        	        	        	        	        	        	        	        
Executing PID 4: PC=4, Inst=1769097057, Quantum=2
Error: Invalid process or PC. PID: 4, PC: 4, inst: 1769097057
26      	        	        	        	EXIT    	READY   	RUN     	        	        	        	        	        	        	        	        	        	        	        	        	        	        
Executing PID 6: PC=0, Inst=300, Quantum=3
PID: 6, PC: 0, inst: 300, MISC
Process 6: Running with Q=3
27      	        	        	        	        	READY   	RUN     	        	        	        	        	        	        	        	        	        	        	        	        	        	        
Executing PID 6: PC=1, Inst=201, Quantum=2
PID: 6, PC: 1, inst: 201, EXEC: 1
Process 6: Running with Q=2
28      	        	        	        	        	READY   	RUN     	NEW     	        	        	        	        	        	        	        	        	        	        	        	        	        
PID: 7, STATE: NEW, TIS: 0
Executing PID 6: PC=2, Inst=-2, Quantum=1
PID: 6, PC: 2, inst: -2, BLOCK: 31
29      	        	        	        	        	RUN     	BLOCKED 	NEW     	        	        	        	        	        	        	        	        	        	        	        	        	        
PID: 7, STATE: NEW, TIS: 1
Executing PID 5: PC=3, Inst=1, Quantum=3
PID: 5, PC: 3, inst: 1, MISC
Process 5: Running with Q=3
30      	        	        	        	        	RUN     	BLOCKED 	READY   	        	        	        	        	        	        	        	        	        	        	        	        	        
Executing PID 5: PC=4, Inst=1852397404, Quantum=2
Error: Invalid process or PC. PID: 5, PC: 4, inst: 1852397404
31      	        	        	        	        	EXIT    	READY   	RUN     	        	        	        	        	        	        	        	        	        	        	        	        	        
Executing PID 7: PC=0, Inst=300, Quantum=3
PID: 7, PC: 0, inst: 300, MISC
Process 7: Running with Q=3
32      	        	        	        	        	        	READY   	RUN     	        	        	        	        	        	        	        	        	        	        	        	        	        
Executing PID 7: PC=1, Inst=201, Quantum=2
PID: 7, PC: 1, inst: 201, EXEC: 1
Process 7: Running with Q=2
33      	        	        	        	        	        	READY   	RUN     	NEW     	        	        	        	        	        	        	        	        	        	        	        	        
PID: 8, STATE: NEW, TIS: 0
Executing PID 7: PC=2, Inst=-2, Quantum=1
PID: 7, PC: 2, inst: -2, BLOCK: 36
34      	        	        	        	        	        	RUN     	BLOCKED 	NEW     	        	        	        	        	        	        	        	        	        	        	        	        
PID: 8, STATE: NEW, TIS: 1
Executing PID 6: PC=3, Inst=1, Quantum=3
PID: 6, PC: 3, inst: 1, MISC
Process 6: Running with Q=3
35      	        	        	        	        	        	RUN     	BLOCKED 	READY   	        	        	        	        	        	        	        	        	        	        	        	        
Executing PID 6: PC=4, Inst=1635017028, Quantum=2
Error: Invalid process or PC. PID: 6, PC: 4, inst: 1635017028
36      	        	        	        	        	        	EXIT    	READY   	RUN     	        	        	        	        	        	        	        	        	        	        	        	        
Executing PID 8: PC=0, Inst=300, Quantum=3
PID: 8, PC: 0, inst: 300, MISC
Process 8: Running with Q=3
37      	        	        	        	        	        	        	READY   	RUN     	        	        	        	        	        	        	        	        	        	        	        	        
Executing PID 8: PC=1, Inst=201, Quantum=2
PID: 8, PC: 1, inst: 201, EXEC: 1
Process 8: Running with Q=2
38      	        	        	        	        	        	        	READY   	RUN     	NEW     	        	        	        	        	        	        	        	        	        	        	        
PID: 9, STATE: NEW, TIS: 0
Executing PID 8: PC=2, Inst=-2, Quantum=1
PID: 8, PC: 2, inst: -2, BLOCK: 41
39      	        	        	        	        	        	        	RUN     	BLOCKED 	NEW     	        	        	        	        	        	        	        	        	        	        	        
PID: 9, STATE: NEW, TIS: 1
Executing PID 7: PC=3, Inst=1, Quantum=3
PID: 7, PC: 3, inst: 1, MISC
Process 7: Running with Q=3
40      	        	        	        	        	        	        	RUN     	BLOCKED 	READY   	        	        	        	        	        	        	        	        	        	        	        
Executing PID 7: PC=4, Inst=1766203501, Quantum=2
Error: Invalid process or PC. PID: 7, PC: 4, inst: 1766203501
41      	        	        	        	        	        	        	EXIT    	READY   	RUN     	        	        	        	        	        	        	        	        	        	        	        
Executing PID 9: PC=0, Inst=300, Quantum=3
PID: 9, PC: 0, inst: 300, MISC
Process 9: Running with Q=3
42      	        	        	        	        	        	        	        	READY   	RUN     	        	        	        	        	        	        	        	        	        	        	        
Executing PID 9: PC=1, Inst=201, Quantum=2
PID: 9, PC: 1, inst: 201, EXEC: 1
Process 9: Running with Q=2
43      	        	        	        	        	        	        	        	READY   	RUN     	NEW     	        	        	        	        	        	        	        	        	        	        
PID: 10, STATE: NEW, TIS: 0
Executing PID 9: PC=2, Inst=-2, Quantum=1
PID: 9, PC: 2, inst: -2, BLOCK: 46
44      	        	        	        	        	        	        	        	RUN     	BLOCKED 	NEW     	        	        	        	        	        	        	        	        	        	        
PID: 10, STATE: NEW, TIS: 1
Executing PID 8: PC=3, Inst=1, Quantum=3
PID: 8, PC: 3, inst: 1, MISC
Process 8: Running with Q=3
45      	        	        	        	        	        	        	        	RUN     	BLOCKED 	READY   	        	        	        	        	        	        	        	        	        	        
Executing PID 8: PC=4, Inst=1869762652, Quantum=2
Error: Invalid process or PC. PID: 8, PC: 4, inst: 1869762652
46      	        	        	        	        	        	        	        	EXIT    	READY   	RUN     	        	        	        	        	        	        	        	        	        	        
Executing PID 10: PC=0, Inst=300, Quantum=3
PID: 10, PC: 0, inst: 300, MISC
Process 10: Running with Q=3
47      	        	        	        	        	        	        	        	        	READY   	RUN     	        	        	        	        	        	        	        	        	        	        
Executing PID 10: PC=1, Inst=201, Quantum=2
PID: 10, PC: 1, inst: 201, EXEC: 1
Process 10: Running with Q=2
48      	        	        	        	        	        	        	        	        	READY   	RUN     	NEW     	        	        	        	        	        	        	        	        	        
PID: 11, STATE: NEW, TIS: 0
Executing PID 10: PC=2, Inst=-2, Quantum=1
PID: 10, PC: 2, inst: -2, BLOCK: 51
49      	        	        	        	        	        	        	        	        	RUN     	BLOCKED 	NEW     	        	        	        	        	        	        	        	        	        
PID: 11, STATE: NEW, TIS: 1
Executing PID 9: PC=3, Inst=1, Quantum=3
PID: 9, PC: 3, inst: 1, MISC
Process 9: Running with Q=3
50      	        	        	        	        	        	        	        	        	RUN     	BLOCKED 	READY   	        	        	        	        	        	        	        	        	        
Executing PID 9: PC=4, Inst=1835228276, Quantum=2
Error: Invalid process or PC. PID: 9, PC: 4, inst: 1835228276
51      	        	        	        	        	        	        	        	        	EXIT    	READY   	RUN     	        	        	        	        	        	        	        	        	        
Executing PID 11: PC=0, Inst=300, Quantum=3
PID: 11, PC: 0, inst: 300, MISC
Process 11: Running with Q=3
52      	        	        	        	        	        	        	        	        	        	READY   	RUN     	        	        	        	        	        	        	        	        	        
Executing PID 11: PC=1, Inst=201, Quantum=2
PID: 11, PC: 1, inst: 201, EXEC: 1
Process 11: Running with Q=2
53      	        	        	        	        	        	        	        	        	        	READY   	RUN     	NEW     	        	        	        	        	        	        	        	        
PID: 12, STATE: NEW, TIS: 0
Executing PID 11: PC=2, Inst=-2, Quantum=1
PID: 11, PC: 2, inst: -2, BLOCK: 56
54      	        	        	        	        	        	        	        	        	        	RUN     	BLOCKED 	NEW     	        	        	        	        	        	        	        	        
PID: 12, STATE: NEW, TIS: 1
Executing PID 10: PC=3, Inst=1, Quantum=3
PID: 10, PC: 3, inst: 1, MISC
Process 10: Running with Q=3
55      	        	        	        	        	        	        	        	        	        	RUN     	BLOCKED 	READY   	        	        	        	        	        	        	        	        
Executing PID 10: PC=4, Inst=808792412, Quantum=2
Error: Invalid process or PC. PID: 10, PC: 4, inst: 808792412
56      	        	        	        	        	        	        	        	        	        	EXIT    	READY   	RUN     	        	        	        	        	        	        	        	        
Executing PID 12: PC=0, Inst=300, Quantum=3
PID: 12, PC: 0, inst: 300, MISC
Process 12: Running with Q=3
57      	        	        	        	        	        	        	        	        	        	        	READY   	RUN     	        	        	        	        	        	        	        	        
Executing PID 12: PC=1, Inst=201, Quantum=2
PID: 12, PC: 1, inst: 201, EXEC: 1
Process 12: Running with Q=2
58      	        	        	        	        	        	        	        	        	        	        	READY   	RUN     	NEW     	        	        	        	        	        	        	        
PID: 13, STATE: NEW, TIS: 0
Executing PID 12: PC=2, Inst=-2, Quantum=1
PID: 12, PC: 2, inst: -2, BLOCK: 61
59      	        	        	        	        	        	        	        	        	        	        	RUN     	BLOCKED 	NEW     	        	        	        	        	        	        	        
PID: 13, STATE: NEW, TIS: 1
Executing PID 11: PC=3, Inst=1, Quantum=3
PID: 11, PC: 3, inst: 1, MISC
Process 11: Running with Q=3
60      	        	        	        	        	        	        	        	        	        	        	RUN     	BLOCKED 	READY   	        	        	        	        	        	        	        
Executing PID 11: PC=4, Inst=947398688, Quantum=2
Error: Invalid process or PC. PID: 11, PC: 4, inst: 947398688
61      	        	        	        	        	        	        	        	        	        	        	EXIT    	READY   	RUN     	        	        	        	        	        	        	        
Executing PID 13: PC=0, Inst=300, Quantum=3
PID: 13, PC: 0, inst: 300, MISC
Process 13: Running with Q=3
62      	        	        	        	        	        	        	        	        	        	        	        	READY   	RUN     	        	        	        	        	        	        	        
Executing PID 13: PC=1, Inst=201, Quantum=2
PID: 13, PC: 1, inst: 201, EXEC: 1
Process 13: Running with Q=2
63      	        	        	        	        	        	        	        	        	        	        	        	READY   	RUN     	NEW     	        	        	        	        	        	        
PID: 14, STATE: NEW, TIS: 0
Executing PID 13: PC=2, Inst=-2, Quantum=1
PID: 13, PC: 2, inst: -2, BLOCK: 66
64      	        	        	        	        	        	        	        	        	        	        	        	RUN     	BLOCKED 	NEW     	        	        	        	        	        	        
PID: 14, STATE: NEW, TIS: 1
Executing PID 12: PC=3, Inst=1, Quantum=3
PID: 12, PC: 3, inst: 1, MISC
Process 12: Running with Q=3
65      	        	        	        	        	        	        	        	        	        	        	        	RUN     	BLOCKED 	READY   	        	        	        	        	        	        
Executing PID 12: PC=4, Inst=1160657741, Quantum=2
Error: Invalid process or PC. PID: 12, PC: 4, inst: 1160657741
66      	        	        	        	        	        	        	        	        	        	        	        	EXIT    	READY   	RUN     	        	        	        	        	        	        
Executing PID 14: PC=0, Inst=300, Quantum=3
PID: 14, PC: 0, inst: 300, MISC
Process 14: Running with Q=3
67      	        	        	        	        	        	        	        	        	        	        	        	        	READY   	RUN     	        	        	        	        	        	        
Executing PID 14: PC=1, Inst=201, Quantum=2
PID: 14, PC: 1, inst: 201, EXEC: 1
Process 14: Running with Q=2
68      	        	        	        	        	        	        	        	        	        	        	        	        	READY   	RUN     	NEW     	        	        	        	        	        
PID: 15, STATE: NEW, TIS: 0
Executing PID 14: PC=2, Inst=-2, Quantum=1
PID: 14, PC: 2, inst: -2, BLOCK: 71
69      	        	        	        	        	        	        	        	        	        	        	        	        	RUN     	BLOCKED 	NEW     	        	        	        	        	        
PID: 15, STATE: NEW, TIS: 1
Executing PID 13: PC=3, Inst=1, Quantum=3
PID: 13, PC: 3, inst: 1, MISC
Process 13: Running with Q=3
70      	        	        	        	        	        	        	        	        	        	        	        	        	RUN     	BLOCKED 	READY   	        	        	        	        	        
Executing PID 13: PC=4, Inst=862807412, Quantum=2
Error: Invalid process or PC. PID: 13, PC: 4, inst: 862807412
71      	        	        	        	        	        	        	        	        	        	        	        	        	EXIT    	READY   	RUN     	        	        	        	        	        
Executing PID 15: PC=0, Inst=300, Quantum=3
PID: 15, PC: 0, inst: 300, MISC
Process 15: Running with Q=3
72      	        	        	        	        	        	        	        	        	        	        	        	        	        	READY   	RUN     	        	        	        	        	        
Executing PID 15: PC=1, Inst=201, Quantum=2
PID: 15, PC: 1, inst: 201, EXEC: 1
Process 15: Running with Q=2
73      	        	        	        	        	        	        	        	        	        	        	        	        	        	READY   	RUN     	NEW     	        	        	        	        
PID: 16, STATE: NEW, TIS: 0
Executing PID 15: PC=2, Inst=-2, Quantum=1
PID: 15, PC: 2, inst: -2, BLOCK: 76
74      	        	        	        	        	        	        	        	        	        	        	        	        	        	RUN     	BLOCKED 	NEW     	        	        	        	        
PID: 16, STATE: NEW, TIS: 1
Executing PID 14: PC=3, Inst=1, Quantum=3
PID: 14, PC: 3, inst: 1, MISC
Process 14: Running with Q=3
75      	        	        	        	        	        	        	        	        	        	        	        	        	        	RUN     	BLOCKED 	READY   	        	        	        	        
Executing PID 14: PC=4, Inst=1766677619, Quantum=2
Error: Invalid process or PC. PID: 14, PC: 4, inst: 1766677619
76      	        	        	        	        	        	        	        	        	        	        	        	        	        	EXIT    	READY   	RUN     	        	        	        	        
Executing PID 16: PC=0, Inst=300, Quantum=3
PID: 16, PC: 0, inst: 300, MISC
Process 16: Running with Q=3
77      	        	        	        	        	        	        	        	        	        	        	        	        	        	        	READY   	RUN     	        	        	        	        
Executing PID 16: PC=1, Inst=201, Quantum=2
PID: 16, PC: 1, inst: 201, EXEC: 1
Process 16: Running with Q=2
78      	        	        	        	        	        	        	        	        	        	        	        	        	        	        	READY   	RUN     	NEW     	        	        	        
PID: 17, STATE: NEW, TIS: 0
Executing PID 16: PC=2, Inst=-2, Quantum=1
PID: 16, PC: 2, inst: -2, BLOCK: 81
79      	        	        	        	        	        	        	        	        	        	        	        	        	        	        	RUN     	BLOCKED 	NEW     	        	        	        
PID: 17, STATE: NEW, TIS: 1
Executing PID 15: PC=3, Inst=1, Quantum=3
PID: 15, PC: 3, inst: 1, MISC
Process 15: Running with Q=3
80      	        	        	        	        	        	        	        	        	        	        	        	        	        	        	RUN     	BLOCKED 	READY   	        	        	        
Executing PID 15: PC=4, Inst=1886352491, Quantum=2
Error: Invalid process or PC. PID: 15, PC: 4, inst: 1886352491
81      	        	        	        	        	        	        	        	        	        	        	        	        	        	        	EXIT    	READY   	RUN     	        	        	        
Executing PID 17: PC=0, Inst=300, Quantum=3
PID: 17, PC: 0, inst: 300, MISC
Process 17: Running with Q=3
82      	        	        	        	        	        	        	        	        	        	        	        	        	        	        	        	READY   	RUN     	        	        	        
Executing PID 17: PC=1, Inst=201, Quantum=2
PID: 17, PC: 1, inst: 201, EXEC: 1
Process 17: Running with Q=2
83      	        	        	        	        	        	        	        	        	        	        	        	        	        	        	        	READY   	RUN     	NEW     	        	        
PID: 18, STATE: NEW, TIS: 0
Executing PID 17: PC=2, Inst=-2, Quantum=1
PID: 17, PC: 2, inst: -2, BLOCK: 86
84      	        	        	        	        	        	        	        	        	        	        	        	        	        	        	        	RUN     	BLOCKED 	NEW     	        	        
PID: 18, STATE: NEW, TIS: 1
Executing PID 16: PC=3, Inst=1, Quantum=3
PID: 16, PC: 3, inst: 1, MISC
Process 16: Running with Q=3
85      	        	        	        	        	        	        	        	        	        	        	        	        	        	        	        	RUN     	BLOCKED 	READY   	        	        
Executing PID 16: PC=4, Inst=1633906508, Quantum=2
Error: Invalid process or PC. PID: 16, PC: 4, inst: 1633906508
86      	        	        	        	        	        	        	        	        	        	        	        	        	        	        	        	EXIT    	READY   	RUN     	        	        
Executing PID 18: PC=0, Inst=300, Quantum=3
PID: 18, PC: 0, inst: 300, MISC
Process 18: Running with Q=3
87      	        	        	        	        	        	        	        	        	        	        	        	        	        	        	        	        	READY   	RUN     	        	        
Executing PID 18: PC=1, Inst=201, Quantum=2
PID: 18, PC: 1, inst: 201, EXEC: 1
Process 18: Running with Q=2
88      	        	        	        	        	        	        	        	        	        	        	        	        	        	        	        	        	READY   	RUN     	NEW     	        
PID: 19, STATE: NEW, TIS: 0
Executing PID 18: PC=2, Inst=-2, Quantum=1
PID: 18, PC: 2, inst: -2, BLOCK: 91
89      	        	        	        	        	        	        	        	        	        	        	        	        	        	        	        	        	RUN     	BLOCKED 	NEW     	        
PID: 19, STATE: NEW, TIS: 1
Executing PID 17: PC=3, Inst=1, Quantum=3
PID: 17, PC: 3, inst: 1, MISC
Process 17: Running with Q=3
90      	        	        	        	        	        	        	        	        	        	        	        	        	        	        	        	        	RUN     	BLOCKED 	READY   	        
Executing PID 17: PC=4, Inst=1432107587, Quantum=2
Error: Invalid process or PC. PID: 17, PC: 4, inst: 1432107587
91      	        	        	        	        	        	        	        	        	        	        	        	        	        	        	        	        	EXIT    	READY   	RUN     	        
Executing PID 19: PC=0, Inst=300, Quantum=3
PID: 19, PC: 0, inst: 300, MISC
Process 19: Running with Q=3
92      	        	        	        	        	        	        	        	        	        	        	        	        	        	        	        	        	        	READY   	RUN     	        
Executing PID 19: PC=1, Inst=201, Quantum=2
PID: 19, PC: 1, inst: 201, EXEC: 1
Process 19: Running with Q=2
93      	        	        	        	        	        	        	        	        	        	        	        	        	        	        	        	        	        	READY   	RUN     	NEW     
PID: 20, STATE: NEW, TIS: 0
Executing PID 19: PC=2, Inst=-2, Quantum=1
PID: 19, PC: 2, inst: -2, BLOCK: 96
94      	        	        	        	        	        	        	        	        	        	        	        	        	        	        	        	        	        	RUN     	BLOCKED 	NEW     
PID: 20, STATE: NEW, TIS: 1
Executing PID 18: PC=3, Inst=1, Quantum=3
PID: 18, PC: 3, inst: 1, MISC
Process 18: Running with Q=3
95      	        	        	        	        	        	        	        	        	        	        	        	        	        	        	        	        	        	RUN     	BLOCKED 	READY   
Executing PID 18: PC=4, Inst=1146051659, Quantum=2
Error: Invalid process or PC. PID: 18, PC: 4, inst: 1146051659
96      	        	        	        	        	        	        	        	        	        	        	        	        	        	        	        	        	        	EXIT    	READY   	RUN     
Executing PID 20: PC=0, Inst=300, Quantum=3
PID: 20, PC: 0, inst: 300, MISC
Process 20: Running with Q=3
97      	        	        	        	        	        	        	        	        	        	        	        	        	        	        	        	        	        	        	READY   	RUN     
Executing PID 20: PC=1, Inst=201, Quantum=2
PID: 20, PC: 1, inst: 201, EXEC: 1
Process 20: Running with Q=2
98      	        	        	        	        	        	        	        	        	        	        	        	        	        	        	        	        	        	        	READY   	RUN     
Executing PID 20: PC=2, Inst=-2, Quantum=1
PID: 20, PC: 2, inst: -2, BLOCK: 101
99      	        	        	        	        	        	        	        	        	        	        	        	        	        	        	        	        	        	        	RUN     	BLOCKED 
Executing PID 19: PC=3, Inst=1, Quantum=3
PID: 19, PC: 3, inst: 1, MISC
Process 19: Running with Q=3
100     	        	        	        	        	        	        	        	        	        	        	        	        	        	        	        	        	        	        	RUN     	BLOCKED 
