time inst	proc1		proc2		proc3		proc4		proc5		proc6		proc7		proc8		proc9		proc10		proc11		proc12		proc13		proc14		proc15		proc16		proc17		proc18		proc19		proc20
1       	NEW     	        	        	        	        	        	        	        	        	        	        	        	        	        	        	        	        	        	        	        
2       	NEW     	        	        	        	        	        	        	        	        	        	        	        	        	        	        	        	        	        	        	        
3       	RUN     	        	        	        	        	        	        	        	        	        	        	        	        	        	        	        	        	        	        	        
4       	BLOCKED 	        	        	        	        	        	        	        	        	        	        	        	        	        	        	        	        	        	        	        
5       	BLOCKED 	        	        	        	        	        	        	        	        	        	        	        	        	        	        	        	        	        	        	        
6       	BLOCKED 	        	        	        	        	        	        	        	        	        	        	        	        	        	        	        	        	        	        	        
7       	BLOCKED 	        	        	        	        	        	        	        	        	        	        	        	        	        	        	        	        	        	        	        
8       	BLOCKED 	        	        	        	        	        	        	        	        	        	        	        	        	        	        	        	        	        	        	        
9       	BLOCKED 	        	        	        	        	        	        	        	        	        	        	        	        	        	        	        	        	        	        	        
10      	BLOCKED 	        	        	        	        	        	        	        	        	        	        	        	        	        	        	        	        	        	        	        
11      	BLOCKED 	        	        	        	        	        	        	        	        	        	        	        	        	        	        	        	        	        	        	        
12      	BLOCKED 	        	        	        	        	        	        	        	        	        	        	        	        	        	        	        	        	        	        	        
13      	BLOCKED 	        	        	        	        	        	        	        	        	        	        	        	        	        	        	        	        	        	        	        
14      	BLOCKED 	        	        	        	        	        	        	        	        	        	        	        	        	        	        	        	        	        	        	        
15      	BLOCKED 	        	        	        	        	        	        	        	        	        	        	        	        	        	        	        	        	        	        	        
16      	BLOCKED 	        	        	        	        	        	        	        	        	        	        	        	        	        	        	        	        	        	        	        
17      	BLOCKED 	        	        	        	        	        	        	        	        	        	        	        	        	        	        	        	        	        	        	        
18      	BLOCKED 	        	        	        	        	        	        	        	        	        	        	        	        	        	        	        	        	        	        	        
19      	BLOCKED 	        	        	        	        	        	        	        	        	        	        	        	        	        	        	        	        	        	        	        
20      	BLOCKED 	        	        	        	        	        	        	        	        	        	        	        	        	        	        	        	        	        	        	        
21      	BLOCKED 	        	        	        	        	        	        	        	        	        	        	        	        	        	        	        	        	        	        	        
22      	BLOCKED 	        	        	        	        	        	        	        	        	        	        	        	        	        	        	        	        	        	        	        
23      	BLOCKED 	        	        	        	        	        	        	        	        	        	        	        	        	        	        	        	        	        	        	        
24      	BLOCKED 	        	        	        	        	        	        	        	        	        	        	        	        	        	        	        	        	        	        	        
25      	BLOCKED 	        	        	        	        	        	        	        	        	        	        	        	        	        	        	        	        	        	        	        
26      	BLOCKED 	        	        	        	        	        	        	        	        	        	        	        	        	        	        	        	        	        	        	        
27      	BLOCKED 	        	        	        	        	        	        	        	        	        	        	        	        	        	        	        	        	        	        	        
28      	BLOCKED 	        	        	        	        	        	        	        	        	        	        	        	        	        	        	        	        	        	        	        
29      	BLOCKED 	        	        	        	        	        	        	        	        	        	        	        	        	        	        	        	        	        	        	        
30      	BLOCKED 	        	        	        	        	        	        	        	        	        	        	        	        	        	        	        	        	        	        	        
31      	BLOCKED 	        	        	        	        	        	        	        	        	        	        	        	        	        	        	        	        	        	        	        
32      	BLOCKED 	        	        	        	        	        	        	        	        	        	        	        	        	        	        	        	        	        	        	        
33      	BLOCKED 	        	        	        	        	        	        	        	        	        	        	        	        	        	        	        	        	        	        	        
34      	BLOCKED 	        	        	        	        	        	        	        	        	        	        	        	        	        	        	        	        	        	        	        
35      	BLOCKED 	        	        	        	        	        	        	        	        	        	        	        	        	        	        	        	        	        	        	        
36      	BLOCKED 	        	        	        	        	        	        	        	        	        	        	        	        	        	        	        	        	        	        	        
37      	BLOCKED 	        	        	        	        	        	        	        	        	        	        	        	        	        	        	        	        	        	        	        
38      	BLOCKED 	        	        	        	        	        	        	        	        	        	        	        	        	        	        	        	        	        	        	        
39      	BLOCKED 	        	        	        	        	        	        	        	        	        	        	        	        	        	        	        	        	        	        	        
40      	BLOCKED 	        	        	        	        	        	        	        	        	        	        	        	        	        	        	        	        	        	        	        
41      	BLOCKED 	        	        	        	        	        	        	        	        	        	        	        	        	        	        	        	        	        	        	        
42      	BLOCKED 	        	        	        	        	        	        	        	        	        	        	        	        	        	        	        	        	        	        	        
43      	BLOCKED 	        	        	        	        	        	        	        	        	        	        	        	        	        	        	        	        	        	        	        
44      	BLOCKED 	        	        	        	        	        	        	        	        	        	        	        	        	        	        	        	        	        	        	        
45      	BLOCKED 	        	        	        	        	        	        	        	        	        	        	        	        	        	        	        	        	        	        	        
46      	BLOCKED 	        	        	        	        	        	        	        	        	        	        	        	        	        	        	        	        	        	        	        
47      	BLOCKED 	        	        	        	        	        	        	        	        	        	        	        	        	        	        	        	        	        	        	        
48      	BLOCKED 	        	        	        	        	        	        	        	        	        	        	        	        	        	        	        	        	        	        	        
49      	BLOCKED 	        	        	        	        	        	        	        	        	        	        	        	        	        	        	        	        	        	        	        
50      	BLOCKED 	        	        	        	        	        	        	        	        	        	        	        	        	        	        	        	        	        	        	        
51      	BLOCKED 	        	        	        	        	        	        	        	        	        	        	        	        	        	        	        	        	        	        	        
52      	BLOCKED 	        	        	        	        	        	        	        	        	        	        	        	        	        	        	        	        	        	        	        
53      	BLOCKED 	        	        	        	        	        	        	        	        	        	        	        	        	        	        	        	        	        	        	        
54      	BLOCKED 	        	        	        	        	        	        	        	        	        	        	        	        	        	        	        	        	        	        	        
55      	BLOCKED 	        	        	        	        	        	        	        	        	        	        	        	        	        	        	        	        	        	        	        
56      	BLOCKED 	        	        	        	        	        	        	        	        	        	        	        	        	        	        	        	        	        	        	        
57      	BLOCKED 	        	        	        	        	        	        	        	        	        	        	        	        	        	        	        	        	        	        	        
58      	BLOCKED 	        	        	        	        	        	        	        	        	        	        	        	        	        	        	        	        	        	        	        
59      	BLOCKED 	        	        	        	        	        	        	        	        	        	        	        	        	        	        	        	        	        	        	        
60      	BLOCKED 	        	        	        	        	        	        	        	        	        	        	        	        	        	        	        	        	        	        	        
61      	BLOCKED 	        	        	        	        	        	        	        	        	        	        	        	        	        	        	        	        	        	        	        
62      	BLOCKED 	        	        	        	        	        	        	        	        	        	        	        	        	        	        	        	        	        	        	        
63      	BLOCKED 	        	        	        	        	        	        	        	        	        	        	        	        	        	        	        	        	        	        	        
64      	BLOCKED 	        	        	        	        	        	        	        	        	        	        	        	        	        	        	        	        	        	        	        
65      	BLOCKED 	        	        	        	        	        	        	        	        	        	        	        	        	        	        	        	        	        	        	        
66      	BLOCKED 	        	        	        	        	        	        	        	        	        	        	        	        	        	        	        	        	        	        	        
67      	BLOCKED 	        	        	        	        	        	        	        	        	        	        	        	        	        	        	        	        	        	        	        
68      	BLOCKED 	        	        	        	        	        	        	        	        	        	        	        	        	        	        	        	        	        	        	        
69      	BLOCKED 	        	        	        	        	        	        	        	        	        	        	        	        	        	        	        	        	        	        	        
70      	BLOCKED 	        	        	        	        	        	        	        	        	        	        	        	        	        	        	        	        	        	        	        
71      	BLOCKED 	        	        	        	        	        	        	        	        	        	        	        	        	        	        	        	        	        	        	        
72      	BLOCKED 	        	        	        	        	        	        	        	        	        	        	        	        	        	        	        	        	        	        	        
73      	BLOCKED 	        	        	        	        	        	        	        	        	        	        	        	        	        	        	        	        	        	        	        
74      	BLOCKED 	        	        	        	        	        	        	        	        	        	        	        	        	        	        	        	        	        	        	        
75      	BLOCKED 	        	        	        	        	        	        	        	        	        	        	        	        	        	        	        	        	        	        	        
76      	BLOCKED 	        	        	        	        	        	        	        	        	        	        	        	        	        	        	        	        	        	        	        
77      	BLOCKED 	        	        	        	        	        	        	        	        	        	        	        	        	        	        	        	        	        	        	        
78      	BLOCKED 	        	        	        	        	        	        	        	        	        	        	        	        	        	        	        	        	        	        	        
79      	BLOCKED 	        	        	        	        	        	        	        	        	        	        	        	        	        	        	        	        	        	        	        
80      	BLOCKED 	        	        	        	        	        	        	        	        	        	        	        	        	        	        	        	        	        	        	        
81      	BLOCKED 	        	        	        	        	        	        	        	        	        	        	        	        	        	        	        	        	        	        	        
82      	BLOCKED 	        	        	        	        	        	        	        	        	        	        	        	        	        	        	        	        	        	        	        
83      	BLOCKED 	        	        	        	        	        	        	        	        	        	        	        	        	        	        	        	        	        	        	        
84      	BLOCKED 	        	        	        	        	        	        	        	        	        	        	        	        	        	        	        	        	        	        	        
85      	BLOCKED 	        	        	        	        	        	        	        	        	        	        	        	        	        	        	        	        	        	        	        
86      	BLOCKED 	        	        	        	        	        	        	        	        	        	        	        	        	        	        	        	        	        	        	        
87      	BLOCKED 	        	        	        	        	        	        	        	        	        	        	        	        	        	        	        	        	        	        	        
88      	BLOCKED 	        	        	        	        	        	        	        	        	        	        	        	        	        	        	        	        	        	        	        
89      	BLOCKED 	        	        	        	        	        	        	        	        	        	        	        	        	        	        	        	        	        	        	        
90      	BLOCKED 	        	        	        	        	        	        	        	        	        	        	        	        	        	        	        	        	        	        	        
91      	BLOCKED 	        	        	        	        	        	        	        	        	        	        	        	        	        	        	        	        	        	        	        
92      	BLOCKED 	        	        	        	        	        	        	        	        	        	        	        	        	        	        	        	        	        	        	        
93      	BLOCKED 	        	        	        	        	        	        	        	        	        	        	        	        	        	        	        	        	        	        	        
94      	BLOCKED 	        	        	        	        	        	        	        	        	        	        	        	        	        	        	        	        	        	        	        
95      	BLOCKED 	        	        	        	        	        	        	        	        	        	        	        	        	        	        	        	        	        	        	        
96      	BLOCKED 	        	        	        	        	        	        	        	        	        	        	        	        	        	        	        	        	        	        	        
97      	BLOCKED 	        	        	        	        	        	        	        	        	        	        	        	        	        	        	        	        	        	        	        
98      	BLOCKED 	        	        	        	        	        	        	        	        	        	        	        	        	        	        	        	        	        	        	        
99      	BLOCKED 	        	        	        	        	        	        	        	        	        	        	        	        	        	        	        	        	        	        	        
100     	BLOCKED 	        	        	        	        	        	        	        	        	        	        	        	        	        	        	        	        	        	        	        
